2025-11-19 10:40:23,511 DEBUG GET https://testnet.binancefuture.com/fapi/v2/balance?timestamp=1763529023511&signature=3e309df8663965f2d3590ceaf1f56b8ae0fffcc12d9fdf63107d29a498f5191d with headers={'X-MBX-APIKEY': '59RroJ6LzHEXLbzvii0EKFxETkCBCq7L71fgPM5PdYD59lisoYVsZUAtdZ5ClN50'}
2025-11-19 10:40:23,779 DEBUG RESP 200 [{"accountAlias":"mYfWuXsRXqmYTi","asset":"FDUSD","balance":"0.00000000","crossWalletBalance":"0.00000000","crossUnPnl":"0.00000000","availableBalance":"0.00000000","maxWithdrawAmount":"0.00000000","marginAvailable":true,"updateTime":0},{"accountAlias":"mYfWuXsRXqmYTi","asset":"BFUSD","balance":"0.00000000","crossWalletBalance":"0.00000000","crossUnPnl":"0.00000000","availableBalance":"0.00000000","maxWithdrawAmount":"0.00000000","marginAvailable":true,"updateTime":0},{"accountAlias":"mYfWuXsRXqmYTi","asset":"BNB","balance":"0.00000000","crossWalletBalance":"0.00000000","crossUnPnl":"0.00000000","availableBalance":"0.00000000","maxWithdrawAmount":"0.00000000","marginAvailable":true,"updateTime":0},{"accountAlias":"mYfWuXsRXqmYTi","asset":"ETH","balance":"0.00000000","crossWalletBalance":"0.00000000","crossUnPnl":"0.00000000","availableBalance":"0.00000000","maxWithdrawAmount":"0.00000000","marginAvailable":true,"updateTime":0},{"accountAlias":"mYfWuXsRXqmYTi","asset":"BTC","balance":"0.01000000","crossWalletBalance":"0.01000000","crossUnPnl":"0.00000000","availableBalance":"0.01000000","maxWithdrawAmount":"0.01000000","marginAvailable":true,"updateTime":1763527896157},{"accountAlias":"mYfWuXsRXqmYTi","asset":"USDT","balance":"5000.00000000","crossWalletBalance":"5000.00000000","crossUnPnl":"0.00000000","availableBalance":"5000.00000000","maxWithdrawAmount":"5000.00000000","marginAvailable":true,"updateTime":1763527896142},{"accountAlias":"mYfWuXsRXqmYTi","asset":"USDC","balance":"5000.00000000","crossWalletBalance":"5000.00000000","crossUnPnl":"0.00000000","availableBalance":"5000.00000000","maxWithdrawAmount":"5000.00000000","marginAvailable":true,"updateTime":1763527896149}]
2025-11-19 10:42:00,584 DEBUG POST https://testnet.binancefuture.com/fapi/v1/order?symbol=BTCUSDT&side=BUY&type=MARKET&quantity=0.001&reduceOnly=false&timestamp=1763529120584&signature=4911530857fd9b28bb132c35b0a0a7ab56892105ec907cb583263f417286c68e with headers={'X-MBX-APIKEY': '59RroJ6LzHEXLbzvii0EKFxETkCBCq7L71fgPM5PdYD59lisoYVsZUAtdZ5ClN50'}
2025-11-19 10:42:01,064 DEBUG RESP 400 {"code":-4164,"msg":"Order's notional must be no smaller than 100 (unless you choose reduce only)."}
2025-11-19 10:42:01,064 ERROR HTTP error: 400 Client Error: Bad Request for url: https://testnet.binancefuture.com/fapi/v1/order?symbol=BTCUSDT&side=BUY&type=MARKET&quantity=0.001&reduceOnly=false&timestamp=1763529120584&signature=4911530857fd9b28bb132c35b0a0a7ab56892105ec907cb583263f417286c68e - {"code":-4164,"msg":"Order's notional must be no smaller than 100 (unless you choose reduce only)."}
2025-11-19 10:42:01,065 ERROR Error placing order: 400 Client Error: Bad Request for url: https://testnet.binancefuture.com/fapi/v1/order?symbol=BTCUSDT&side=BUY&type=MARKET&quantity=0.001&reduceOnly=false&timestamp=1763529120584&signature=4911530857fd9b28bb132c35b0a0a7ab56892105ec907cb583263f417286c68e
2025-11-19 10:42:01,065 ERROR Unhandled error in main: 400 Client Error: Bad Request for url: https://testnet.binancefuture.com/fapi/v1/order?symbol=BTCUSDT&side=BUY&type=MARKET&quantity=0.001&reduceOnly=false&timestamp=1763529120584&signature=4911530857fd9b28bb132c35b0a0a7ab56892105ec907cb583263f417286c68e
Traceback (most recent call last):
  File "/home/rupesh-garsondiya/workstation/lab/trading_boat/basic_bot.py", line 198, in main
    resp = bot.place_market_order(args.symbol, args.side, args.qty)
  File "/home/rupesh-garsondiya/workstation/lab/trading_boat/basic_bot.py", line 122, in place_market_order
    return self._place_order(symbol, side, "MARKET", quantity)
           ~~~~~~~~~~~~~~~~~^^^^^^^^^^^^^^^^^^^^^^^^^^^^^^^^^^
  File "/home/rupesh-garsondiya/workstation/lab/trading_boat/basic_bot.py", line 114, in _place_order
    resp = signed_request(self.api_key, self.api_secret, "POST", path, params)
  File "/home/rupesh-garsondiya/workstation/lab/trading_boat/basic_bot.py", line 78, in signed_request
    r.raise_for_status()
    ~~~~~~~~~~~~~~~~~~^^
  File "/home/rupesh-garsondiya/miniconda3/lib/python3.13/site-packages/requests/models.py", line 1021, in raise_for_status
    raise HTTPError(http_error_msg, response=self)
requests.exceptions.HTTPError: 400 Client Error: Bad Request for url: https://testnet.binancefuture.com/fapi/v1/order?symbol=BTCUSDT&side=BUY&type=MARKET&quantity=0.001&reduceOnly=false&timestamp=1763529120584&signature=4911530857fd9b28bb132c35b0a0a7ab56892105ec907cb583263f417286c68e
2025-11-19 10:43:48,484 DEBUG POST https://testnet.binancefuture.com/fapi/v1/order?symbol=BTCUSDT&side=BUY&type=MARKET&quantity=0.002&reduceOnly=false&timestamp=1763529228483&signature=efd66cb2a78d30578fd13dcfb52940e4a47492e61fa478d3af15bd02fb2fb897 with headers={'X-MBX-APIKEY': '59RroJ6LzHEXLbzvii0EKFxETkCBCq7L71fgPM5PdYD59lisoYVsZUAtdZ5ClN50'}
2025-11-19 10:43:48,830 DEBUG RESP 200 {"orderId":10335057443,"symbol":"BTCUSDT","status":"NEW","clientOrderId":"pWrTFjvf0PNJwrO6sVHkwY","price":"0.00","avgPrice":"0.00","origQty":"0.002","executedQty":"0.000","cumQty":"0.000","cumQuote":"0.00000","timeInForce":"GTC","type":"MARKET","reduceOnly":false,"closePosition":false,"side":"BUY","positionSide":"BOTH","stopPrice":"0.00","workingType":"CONTRACT_PRICE","priceProtect":false,"origType":"MARKET","priceMatch":"NONE","selfTradePreventionMode":"EXPIRE_MAKER","goodTillDate":0,"updateTime":1763529228744}
2025-11-19 10:43:48,831 INFO Order placed: {'orderId': 10335057443, 'symbol': 'BTCUSDT', 'status': 'NEW', 'clientOrderId': 'pWrTFjvf0PNJwrO6sVHkwY', 'price': '0.00', 'avgPrice': '0.00', 'origQty': '0.002', 'executedQty': '0.000', 'cumQty': '0.000', 'cumQuote': '0.00000', 'timeInForce': 'GTC', 'type': 'MARKET', 'reduceOnly': False, 'closePosition': False, 'side': 'BUY', 'positionSide': 'BOTH', 'stopPrice': '0.00', 'workingType': 'CONTRACT_PRICE', 'priceProtect': False, 'origType': 'MARKET', 'priceMatch': 'NONE', 'selfTradePreventionMode': 'EXPIRE_MAKER', 'goodTillDate': 0, 'updateTime': 1763529228744}
2025-11-19 10:45:06,052 DEBUG POST https://testnet.binancefuture.com/fapi/v1/order?symbol=BTCUSDT&side=SELL&type=LIMIT&quantity=0.002&timeInForce=GTC&reduceOnly=false&price=90000.0&timestamp=1763529306052&signature=cc15b2b057ed825e0b10c420ab8956b925aabe961281e7b9af441ec0eda49761 with headers={'X-MBX-APIKEY': '59RroJ6LzHEXLbzvii0EKFxETkCBCq7L71fgPM5PdYD59lisoYVsZUAtdZ5ClN50'}
2025-11-19 10:45:06,262 DEBUG RESP 200 {"orderId":10335152652,"symbol":"BTCUSDT","status":"NEW","clientOrderId":"SwL7dQwU12rfqymeuFcIlY","price":"90000.00","avgPrice":"0.00","origQty":"0.002","executedQty":"0.000","cumQty":"0.000","cumQuote":"0.00000","timeInForce":"GTC","type":"LIMIT","reduceOnly":false,"closePosition":false,"side":"SELL","positionSide":"BOTH","stopPrice":"0.00","workingType":"CONTRACT_PRICE","priceProtect":false,"origType":"LIMIT","priceMatch":"NONE","selfTradePreventionMode":"EXPIRE_MAKER","goodTillDate":0,"updateTime":1763529306228}
2025-11-19 10:45:06,263 INFO Order placed: {'orderId': 10335152652, 'symbol': 'BTCUSDT', 'status': 'NEW', 'clientOrderId': 'SwL7dQwU12rfqymeuFcIlY', 'price': '90000.00', 'avgPrice': '0.00', 'origQty': '0.002', 'executedQty': '0.000', 'cumQty': '0.000', 'cumQuote': '0.00000', 'timeInForce': 'GTC', 'type': 'LIMIT', 'reduceOnly': False, 'closePosition': False, 'side': 'SELL', 'positionSide': 'BOTH', 'stopPrice': '0.00', 'workingType': 'CONTRACT_PRICE', 'priceProtect': False, 'origType': 'LIMIT', 'priceMatch': 'NONE', 'selfTradePreventionMode': 'EXPIRE_MAKER', 'goodTillDate': 0, 'updateTime': 1763529306228}
2025-11-19 10:46:20,684 INFO Starting TWAP: 4 slices, 0.001 each, delay 3.0s
2025-11-19 10:46:20,684 INFO TWAP slice 1/4
2025-11-19 10:46:20,684 DEBUG POST https://testnet.binancefuture.com/fapi/v1/order?symbol=BTCUSDT&side=BUY&type=MARKET&quantity=0.001&reduceOnly=false&timestamp=1763529380684&signature=5366219620ccae313e38efe0d03b191394b476df584998030fe34719af34aab5 with headers={'X-MBX-APIKEY': '59RroJ6LzHEXLbzvii0EKFxETkCBCq7L71fgPM5PdYD59lisoYVsZUAtdZ5ClN50'}
2025-11-19 10:46:21,110 DEBUG RESP 400 {"code":-4164,"msg":"Order's notional must be no smaller than 100 (unless you choose reduce only)."}
2025-11-19 10:46:21,110 ERROR HTTP error: 400 Client Error: Bad Request for url: https://testnet.binancefuture.com/fapi/v1/order?symbol=BTCUSDT&side=BUY&type=MARKET&quantity=0.001&reduceOnly=false&timestamp=1763529380684&signature=5366219620ccae313e38efe0d03b191394b476df584998030fe34719af34aab5 - {"code":-4164,"msg":"Order's notional must be no smaller than 100 (unless you choose reduce only)."}
2025-11-19 10:46:21,110 ERROR Error placing order: 400 Client Error: Bad Request for url: https://testnet.binancefuture.com/fapi/v1/order?symbol=BTCUSDT&side=BUY&type=MARKET&quantity=0.001&reduceOnly=false&timestamp=1763529380684&signature=5366219620ccae313e38efe0d03b191394b476df584998030fe34719af34aab5
2025-11-19 10:46:21,110 ERROR TWAP slice 1 failed: 400 Client Error: Bad Request for url: https://testnet.binancefuture.com/fapi/v1/order?symbol=BTCUSDT&side=BUY&type=MARKET&quantity=0.001&reduceOnly=false&timestamp=1763529380684&signature=5366219620ccae313e38efe0d03b191394b476df584998030fe34719af34aab5
2025-11-19 10:46:24,112 INFO TWAP slice 2/4
2025-11-19 10:46:24,113 DEBUG POST https://testnet.binancefuture.com/fapi/v1/order?symbol=BTCUSDT&side=BUY&type=MARKET&quantity=0.001&reduceOnly=false&timestamp=1763529384113&signature=3c8083468d5b51474f196524a58dde338c9ff2fd34120dab7766a393b832ad30 with headers={'X-MBX-APIKEY': '59RroJ6LzHEXLbzvii0EKFxETkCBCq7L71fgPM5PdYD59lisoYVsZUAtdZ5ClN50'}
2025-11-19 10:46:24,348 DEBUG RESP 400 {"code":-4164,"msg":"Order's notional must be no smaller than 100 (unless you choose reduce only)."}
2025-11-19 10:46:24,348 ERROR HTTP error: 400 Client Error: Bad Request for url: https://testnet.binancefuture.com/fapi/v1/order?symbol=BTCUSDT&side=BUY&type=MARKET&quantity=0.001&reduceOnly=false&timestamp=1763529384113&signature=3c8083468d5b51474f196524a58dde338c9ff2fd34120dab7766a393b832ad30 - {"code":-4164,"msg":"Order's notional must be no smaller than 100 (unless you choose reduce only)."}
2025-11-19 10:46:24,348 ERROR Error placing order: 400 Client Error: Bad Request for url: https://testnet.binancefuture.com/fapi/v1/order?symbol=BTCUSDT&side=BUY&type=MARKET&quantity=0.001&reduceOnly=false&timestamp=1763529384113&signature=3c8083468d5b51474f196524a58dde338c9ff2fd34120dab7766a393b832ad30
2025-11-19 10:46:24,348 ERROR TWAP slice 2 failed: 400 Client Error: Bad Request for url: https://testnet.binancefuture.com/fapi/v1/order?symbol=BTCUSDT&side=BUY&type=MARKET&quantity=0.001&reduceOnly=false&timestamp=1763529384113&signature=3c8083468d5b51474f196524a58dde338c9ff2fd34120dab7766a393b832ad30
2025-11-19 10:46:27,349 INFO TWAP slice 3/4
2025-11-19 10:46:27,350 DEBUG POST https://testnet.binancefuture.com/fapi/v1/order?symbol=BTCUSDT&side=BUY&type=MARKET&quantity=0.001&reduceOnly=false&timestamp=1763529387350&signature=96b77adca1431539e6df6ec2a22a039f5765f726cd0f82e1be9325d3c5835509 with headers={'X-MBX-APIKEY': '59RroJ6LzHEXLbzvii0EKFxETkCBCq7L71fgPM5PdYD59lisoYVsZUAtdZ5ClN50'}
2025-11-19 10:46:27,590 DEBUG RESP 400 {"code":-4164,"msg":"Order's notional must be no smaller than 100 (unless you choose reduce only)."}
2025-11-19 10:46:27,590 ERROR HTTP error: 400 Client Error: Bad Request for url: https://testnet.binancefuture.com/fapi/v1/order?symbol=BTCUSDT&side=BUY&type=MARKET&quantity=0.001&reduceOnly=false&timestamp=1763529387350&signature=96b77adca1431539e6df6ec2a22a039f5765f726cd0f82e1be9325d3c5835509 - {"code":-4164,"msg":"Order's notional must be no smaller than 100 (unless you choose reduce only)."}
2025-11-19 10:46:27,590 ERROR Error placing order: 400 Client Error: Bad Request for url: https://testnet.binancefuture.com/fapi/v1/order?symbol=BTCUSDT&side=BUY&type=MARKET&quantity=0.001&reduceOnly=false&timestamp=1763529387350&signature=96b77adca1431539e6df6ec2a22a039f5765f726cd0f82e1be9325d3c5835509
2025-11-19 10:46:27,590 ERROR TWAP slice 3 failed: 400 Client Error: Bad Request for url: https://testnet.binancefuture.com/fapi/v1/order?symbol=BTCUSDT&side=BUY&type=MARKET&quantity=0.001&reduceOnly=false&timestamp=1763529387350&signature=96b77adca1431539e6df6ec2a22a039f5765f726cd0f82e1be9325d3c5835509
2025-11-19 10:46:30,592 INFO TWAP slice 4/4
2025-11-19 10:46:30,592 DEBUG POST https://testnet.binancefuture.com/fapi/v1/order?symbol=BTCUSDT&side=BUY&type=MARKET&quantity=0.001&reduceOnly=false&timestamp=1763529390592&signature=209f44492cd81378c2d988f92059bf920191f4ef0f504a23057a218718967c9d with headers={'X-MBX-APIKEY': '59RroJ6LzHEXLbzvii0EKFxETkCBCq7L71fgPM5PdYD59lisoYVsZUAtdZ5ClN50'}
2025-11-19 10:46:30,781 DEBUG RESP 400 {"code":-4164,"msg":"Order's notional must be no smaller than 100 (unless you choose reduce only)."}
2025-11-19 10:46:30,781 ERROR HTTP error: 400 Client Error: Bad Request for url: https://testnet.binancefuture.com/fapi/v1/order?symbol=BTCUSDT&side=BUY&type=MARKET&quantity=0.001&reduceOnly=false&timestamp=1763529390592&signature=209f44492cd81378c2d988f92059bf920191f4ef0f504a23057a218718967c9d - {"code":-4164,"msg":"Order's notional must be no smaller than 100 (unless you choose reduce only)."}
2025-11-19 10:46:30,781 ERROR Error placing order: 400 Client Error: Bad Request for url: https://testnet.binancefuture.com/fapi/v1/order?symbol=BTCUSDT&side=BUY&type=MARKET&quantity=0.001&reduceOnly=false&timestamp=1763529390592&signature=209f44492cd81378c2d988f92059bf920191f4ef0f504a23057a218718967c9d
2025-11-19 10:46:30,781 ERROR TWAP slice 4 failed: 400 Client Error: Bad Request for url: https://testnet.binancefuture.com/fapi/v1/order?symbol=BTCUSDT&side=BUY&type=MARKET&quantity=0.001&reduceOnly=false&timestamp=1763529390592&signature=209f44492cd81378c2d988f92059bf920191f4ef0f504a23057a218718967c9d
2025-11-19 10:46:33,782 INFO TWAP complete
2025-11-19 10:47:59,526 INFO Starting TWAP: 4 slices, 0.002 each, delay 3.0s
2025-11-19 10:47:59,526 INFO TWAP slice 1/4
2025-11-19 10:47:59,526 DEBUG POST https://testnet.binancefuture.com/fapi/v1/order?symbol=BTCUSDT&side=BUY&type=MARKET&quantity=0.002&reduceOnly=false&timestamp=1763529479526&signature=9dd465fe1ef8783e7413c4ea540e781a609b1ea4e3ad45c659d9ec684c6c5fce with headers={'X-MBX-APIKEY': '59RroJ6LzHEXLbzvii0EKFxETkCBCq7L71fgPM5PdYD59lisoYVsZUAtdZ5ClN50'}
2025-11-19 10:47:59,801 DEBUG RESP 200 {"orderId":10335356002,"symbol":"BTCUSDT","status":"NEW","clientOrderId":"yTLBzE4BoZ7LmUpuJlBZPD","price":"0.00","avgPrice":"0.00","origQty":"0.002","executedQty":"0.000","cumQty":"0.000","cumQuote":"0.00000","timeInForce":"GTC","type":"MARKET","reduceOnly":false,"closePosition":false,"side":"BUY","positionSide":"BOTH","stopPrice":"0.00","workingType":"CONTRACT_PRICE","priceProtect":false,"origType":"MARKET","priceMatch":"NONE","selfTradePreventionMode":"EXPIRE_MAKER","goodTillDate":0,"updateTime":1763529479725}
2025-11-19 10:47:59,802 INFO Order placed: {'orderId': 10335356002, 'symbol': 'BTCUSDT', 'status': 'NEW', 'clientOrderId': 'yTLBzE4BoZ7LmUpuJlBZPD', 'price': '0.00', 'avgPrice': '0.00', 'origQty': '0.002', 'executedQty': '0.000', 'cumQty': '0.000', 'cumQuote': '0.00000', 'timeInForce': 'GTC', 'type': 'MARKET', 'reduceOnly': False, 'closePosition': False, 'side': 'BUY', 'positionSide': 'BOTH', 'stopPrice': '0.00', 'workingType': 'CONTRACT_PRICE', 'priceProtect': False, 'origType': 'MARKET', 'priceMatch': 'NONE', 'selfTradePreventionMode': 'EXPIRE_MAKER', 'goodTillDate': 0, 'updateTime': 1763529479725}
2025-11-19 10:48:02,802 INFO TWAP slice 2/4
2025-11-19 10:48:02,803 DEBUG POST https://testnet.binancefuture.com/fapi/v1/order?symbol=BTCUSDT&side=BUY&type=MARKET&quantity=0.002&reduceOnly=false&timestamp=1763529482803&signature=cf91f465aca5fd1a57f390ecf968b3d3f113ead009bd45df2bd27683a6211b88 with headers={'X-MBX-APIKEY': '59RroJ6LzHEXLbzvii0EKFxETkCBCq7L71fgPM5PdYD59lisoYVsZUAtdZ5ClN50'}
2025-11-19 10:48:03,210 DEBUG RESP 200 {"orderId":10335361296,"symbol":"BTCUSDT","status":"NEW","clientOrderId":"ojlEkcz2rdSu4UiBjzr2r5","price":"0.00","avgPrice":"0.00","origQty":"0.002","executedQty":"0.000","cumQty":"0.000","cumQuote":"0.00000","timeInForce":"GTC","type":"MARKET","reduceOnly":false,"closePosition":false,"side":"BUY","positionSide":"BOTH","stopPrice":"0.00","workingType":"CONTRACT_PRICE","priceProtect":false,"origType":"MARKET","priceMatch":"NONE","selfTradePreventionMode":"EXPIRE_MAKER","goodTillDate":0,"updateTime":1763529483079}
2025-11-19 10:48:03,211 INFO Order placed: {'orderId': 10335361296, 'symbol': 'BTCUSDT', 'status': 'NEW', 'clientOrderId': 'ojlEkcz2rdSu4UiBjzr2r5', 'price': '0.00', 'avgPrice': '0.00', 'origQty': '0.002', 'executedQty': '0.000', 'cumQty': '0.000', 'cumQuote': '0.00000', 'timeInForce': 'GTC', 'type': 'MARKET', 'reduceOnly': False, 'closePosition': False, 'side': 'BUY', 'positionSide': 'BOTH', 'stopPrice': '0.00', 'workingType': 'CONTRACT_PRICE', 'priceProtect': False, 'origType': 'MARKET', 'priceMatch': 'NONE', 'selfTradePreventionMode': 'EXPIRE_MAKER', 'goodTillDate': 0, 'updateTime': 1763529483079}
2025-11-19 10:48:06,212 INFO TWAP slice 3/4
2025-11-19 10:48:06,212 DEBUG POST https://testnet.binancefuture.com/fapi/v1/order?symbol=BTCUSDT&side=BUY&type=MARKET&quantity=0.002&reduceOnly=false&timestamp=1763529486212&signature=431e38e08daa5f505d536a748c78fe8a3c162fa7d6a5629d4f5d74a088f097de with headers={'X-MBX-APIKEY': '59RroJ6LzHEXLbzvii0EKFxETkCBCq7L71fgPM5PdYD59lisoYVsZUAtdZ5ClN50'}
2025-11-19 10:48:06,921 DEBUG RESP 200 {"orderId":10335368351,"symbol":"BTCUSDT","status":"NEW","clientOrderId":"MuRDqbzuN9EXkMYqEpbeci","price":"0.00","avgPrice":"0.00","origQty":"0.002","executedQty":"0.000","cumQty":"0.000","cumQuote":"0.00000","timeInForce":"GTC","type":"MARKET","reduceOnly":false,"closePosition":false,"side":"BUY","positionSide":"BOTH","stopPrice":"0.00","workingType":"CONTRACT_PRICE","priceProtect":false,"origType":"MARKET","priceMatch":"NONE","selfTradePreventionMode":"EXPIRE_MAKER","goodTillDate":0,"updateTime":1763529486745}
2025-11-19 10:48:06,922 INFO Order placed: {'orderId': 10335368351, 'symbol': 'BTCUSDT', 'status': 'NEW', 'clientOrderId': 'MuRDqbzuN9EXkMYqEpbeci', 'price': '0.00', 'avgPrice': '0.00', 'origQty': '0.002', 'executedQty': '0.000', 'cumQty': '0.000', 'cumQuote': '0.00000', 'timeInForce': 'GTC', 'type': 'MARKET', 'reduceOnly': False, 'closePosition': False, 'side': 'BUY', 'positionSide': 'BOTH', 'stopPrice': '0.00', 'workingType': 'CONTRACT_PRICE', 'priceProtect': False, 'origType': 'MARKET', 'priceMatch': 'NONE', 'selfTradePreventionMode': 'EXPIRE_MAKER', 'goodTillDate': 0, 'updateTime': 1763529486745}
2025-11-19 10:48:09,928 INFO TWAP slice 4/4
2025-11-19 10:48:09,929 DEBUG POST https://testnet.binancefuture.com/fapi/v1/order?symbol=BTCUSDT&side=BUY&type=MARKET&quantity=0.002&reduceOnly=false&timestamp=1763529489929&signature=0289863ea18c11a8907980f51e51e73a21d406e8cad889432b60ab9ad66a462b with headers={'X-MBX-APIKEY': '59RroJ6LzHEXLbzvii0EKFxETkCBCq7L71fgPM5PdYD59lisoYVsZUAtdZ5ClN50'}
2025-11-19 10:48:10,205 DEBUG RESP 200 {"orderId":10335370139,"symbol":"BTCUSDT","status":"NEW","clientOrderId":"evOpx4pilGL7q5yyWJcpDQ","price":"0.00","avgPrice":"0.00","origQty":"0.002","executedQty":"0.000","cumQty":"0.000","cumQuote":"0.00000","timeInForce":"GTC","type":"MARKET","reduceOnly":false,"closePosition":false,"side":"BUY","positionSide":"BOTH","stopPrice":"0.00","workingType":"CONTRACT_PRICE","priceProtect":false,"origType":"MARKET","priceMatch":"NONE","selfTradePreventionMode":"EXPIRE_MAKER","goodTillDate":0,"updateTime":1763529490104}
2025-11-19 10:48:10,207 INFO Order placed: {'orderId': 10335370139, 'symbol': 'BTCUSDT', 'status': 'NEW', 'clientOrderId': 'evOpx4pilGL7q5yyWJcpDQ', 'price': '0.00', 'avgPrice': '0.00', 'origQty': '0.002', 'executedQty': '0.000', 'cumQty': '0.000', 'cumQuote': '0.00000', 'timeInForce': 'GTC', 'type': 'MARKET', 'reduceOnly': False, 'closePosition': False, 'side': 'BUY', 'positionSide': 'BOTH', 'stopPrice': '0.00', 'workingType': 'CONTRACT_PRICE', 'priceProtect': False, 'origType': 'MARKET', 'priceMatch': 'NONE', 'selfTradePreventionMode': 'EXPIRE_MAKER', 'goodTillDate': 0, 'updateTime': 1763529490104}
2025-11-19 10:48:13,208 INFO TWAP complete
